<?xml version="1.0" encoding="UTF-8"?>
<!-- Generated by org.testng.reporters.JUnitReportReporter -->
<testsuite skipped="0" hostname="nadsoft-H81M-Gaming-3" name="DriveOnMaven.DriveOnMaven.PersonalForm" tests="1" failures="0" timestamp="13 Jul 2018 07:21:43 GMT" time="246.528" errors="0">
  <testcase name="scripts" time="246.528" classname="DriveOnMaven.DriveOnMaven.PersonalForm"/>
</testsuite> <!-- DriveOnMaven.DriveOnMaven.PersonalForm -->
