<?xml version="1.0" encoding="UTF-8"?>
<!-- Generated by org.testng.reporters.JUnitReportReporter -->
<testsuite skipped="0" hostname="nadsoft-H81M-Gaming-3" name="DriveOnMaven.DriveOnMaven.CompanyApplication" tests="1" failures="0" timestamp="13 Jul 2018 07:29:37 GMT" time="302.349" errors="0">
  <testcase name="scripts" time="302.349" classname="DriveOnMaven.DriveOnMaven.CompanyApplication"/>
</testsuite> <!-- DriveOnMaven.DriveOnMaven.CompanyApplication -->
